Determining if the pthread_create exist failed with the following output:
Change Dir: /home/rajat.choudhary/work/blockchain/eos/oasis/build/CMakeFiles/CMakeTmp

Run Build Command:"/usr/bin/make" "cmTC_945f6/fast"
/usr/bin/make -f CMakeFiles/cmTC_945f6.dir/build.make CMakeFiles/cmTC_945f6.dir/build
make[1]: Entering directory '/home/rajat.choudhary/work/blockchain/eos/oasis/build/CMakeFiles/CMakeTmp'
Building C object CMakeFiles/cmTC_945f6.dir/CheckSymbolExists.c.o
/usr/bin/cc     -o CMakeFiles/cmTC_945f6.dir/CheckSymbolExists.c.o   -c /home/rajat.choudhary/work/blockchain/eos/oasis/build/CMakeFiles/CMakeTmp/CheckSymbolExists.c
Linking C executable cmTC_945f6
/usr/bin/cmake -E cmake_link_script CMakeFiles/cmTC_945f6.dir/link.txt --verbose=1
/usr/bin/cc       CMakeFiles/cmTC_945f6.dir/CheckSymbolExists.c.o  -o cmTC_945f6 
CMakeFiles/cmTC_945f6.dir/CheckSymbolExists.c.o: In function `main':
CheckSymbolExists.c:(.text+0x16): undefined reference to `pthread_create'
collect2: error: ld returned 1 exit status
CMakeFiles/cmTC_945f6.dir/build.make:97: recipe for target 'cmTC_945f6' failed
make[1]: *** [cmTC_945f6] Error 1
make[1]: Leaving directory '/home/rajat.choudhary/work/blockchain/eos/oasis/build/CMakeFiles/CMakeTmp'
Makefile:126: recipe for target 'cmTC_945f6/fast' failed
make: *** [cmTC_945f6/fast] Error 2

File /home/rajat.choudhary/work/blockchain/eos/oasis/build/CMakeFiles/CMakeTmp/CheckSymbolExists.c:
/* */
#include <pthread.h>

int main(int argc, char** argv)
{
  (void)argv;
#ifndef pthread_create
  return ((int*)(&pthread_create))[argc];
#else
  (void)argc;
  return 0;
#endif
}

Determining if the function pthread_create exists in the pthreads failed with the following output:
Change Dir: /home/rajat.choudhary/work/blockchain/eos/oasis/build/CMakeFiles/CMakeTmp

Run Build Command:"/usr/bin/make" "cmTC_2ecb8/fast"
/usr/bin/make -f CMakeFiles/cmTC_2ecb8.dir/build.make CMakeFiles/cmTC_2ecb8.dir/build
make[1]: Entering directory '/home/rajat.choudhary/work/blockchain/eos/oasis/build/CMakeFiles/CMakeTmp'
Building C object CMakeFiles/cmTC_2ecb8.dir/CheckFunctionExists.c.o
/usr/bin/cc    -DCHECK_FUNCTION_EXISTS=pthread_create   -o CMakeFiles/cmTC_2ecb8.dir/CheckFunctionExists.c.o   -c /usr/share/cmake-3.5/Modules/CheckFunctionExists.c
Linking C executable cmTC_2ecb8
/usr/bin/cmake -E cmake_link_script CMakeFiles/cmTC_2ecb8.dir/link.txt --verbose=1
/usr/bin/cc   -DCHECK_FUNCTION_EXISTS=pthread_create    CMakeFiles/cmTC_2ecb8.dir/CheckFunctionExists.c.o  -o cmTC_2ecb8 -lpthreads 
/usr/bin/ld: cannot find -lpthreads
collect2: error: ld returned 1 exit status
CMakeFiles/cmTC_2ecb8.dir/build.make:97: recipe for target 'cmTC_2ecb8' failed
make[1]: *** [cmTC_2ecb8] Error 1
make[1]: Leaving directory '/home/rajat.choudhary/work/blockchain/eos/oasis/build/CMakeFiles/CMakeTmp'
Makefile:126: recipe for target 'cmTC_2ecb8/fast' failed
make: *** [cmTC_2ecb8/fast] Error 2


